<?xml version="1.0" encoding="UTF-8"?>
<!-- Generated by org.testng.reporters.JUnitReportReporter -->
<testsuite hostname="LTIN487221" failures="0" tests="2" name="TestCases.TC004_LanguageDropdownDetails" time="0.270" errors="0" timestamp="2024-04-08T14:31:08 IST" skipped="0">
  <testcase classname="TestCases.TC004_LanguageDropdownDetails" name="languageDropdownDetails" time="0.135"/>
  <testcase classname="TestCases.TC004_LanguageDropdownDetails" name="languageDropdownDetails" time="0.135"/>
</testsuite> <!-- TestCases.TC004_LanguageDropdownDetails -->
