<?xml version="1.0" encoding="UTF-8"?>
<!-- Generated by org.testng.reporters.JUnitReportReporter -->
<testsuite hostname="LTIN487221" failures="0" tests="6" name="TestCases.TC005_DetailsOfGSD" time="38.783" errors="0" timestamp="2024-04-08T14:31:08 IST" skipped="0">
  <testcase classname="TestCases.TC005_DetailsOfGSD" name="getGSDdetails" time="4.721"/>
  <testcase classname="TestCases.TC005_DetailsOfGSD" name="getGSDdetails" time="7.764"/>
  <testcase classname="TestCases.TC005_DetailsOfGSD" name="getGSDdetails" time="5.128"/>
  <testcase classname="TestCases.TC005_DetailsOfGSD" name="getGSDdetails" time="7.571"/>
  <testcase classname="TestCases.TC005_DetailsOfGSD" name="getGSDdetails" time="4.528"/>
  <testcase classname="TestCases.TC005_DetailsOfGSD" name="getGSDdetails" time="9.071"/>
</testsuite> <!-- TestCases.TC005_DetailsOfGSD -->
