<?xml version="1.0" encoding="UTF-8"?>
<!-- Generated by org.testng.reporters.JUnitReportReporter -->
<testsuite hostname="LTIN487221" failures="0" tests="2" name="TestCases.TC002_ValidateWelcomeMsg" time="30.008" errors="0" timestamp="2024-04-08T14:31:08 IST" skipped="0">
  <testcase classname="TestCases.TC002_ValidateWelcomeMsg" name="welcomeMsgValidation" time="15.707"/>
  <testcase classname="TestCases.TC002_ValidateWelcomeMsg" name="welcomeMsgValidation" time="14.301"/>
</testsuite> <!-- TestCases.TC002_ValidateWelcomeMsg -->
