<?xml version="1.0" encoding="UTF-8"?>
<!-- Generated by org.testng.reporters.JUnitReportReporter -->
<testsuite hostname="LTIN487221" failures="0" tests="2" name="TestCases.TC001_ValidateUserInfo" time="8.911" errors="0" timestamp="2024-04-08T14:31:08 IST" skipped="0">
  <testcase classname="TestCases.TC001_ValidateUserInfo" name="getUserInfo" time="4.387"/>
  <testcase classname="TestCases.TC001_ValidateUserInfo" name="getUserInfo" time="4.524"/>
</testsuite> <!-- TestCases.TC001_ValidateUserInfo -->
