<?xml version="1.0" encoding="UTF-8"?>
<!-- Generated by org.testng.reporters.JUnitReportReporter -->
<testsuite hostname="LTIN487221" failures="0" tests="2" name="TestCases.TC003_ValidateDefaultCountryAndLanguage" time="0.078" errors="0" timestamp="2024-04-08T14:31:08 IST" skipped="0">
  <testcase classname="TestCases.TC003_ValidateDefaultCountryAndLanguage" name="countryAndLanguageValidation" time="0.037"/>
  <testcase classname="TestCases.TC003_ValidateDefaultCountryAndLanguage" name="countryAndLanguageValidation" time="0.041"/>
</testsuite> <!-- TestCases.TC003_ValidateDefaultCountryAndLanguage -->
